<?xml version="1.0" encoding="UTF-8"?>
<!-- Generated by org.testng.reporters.JUnitReportReporter -->
<testsuite hostname="Santhi" name="com.santhi.QADdemo.onlineRegistration.OnlineRegistrationForm" tests="2" failures="0" timestamp="20 Aug 2016 21:09:07 GMT" time="5.597" errors="0">
  <testcase name="fillAndSubmitRegistrationForm" time="4.697" classname="com.santhi.QADdemo.onlineRegistration.OnlineRegistrationForm"/>
  <testcase name="openRegistrationForm" time="0.900" classname="com.santhi.QADdemo.onlineRegistration.OnlineRegistrationForm"/>
</testsuite> <!-- com.santhi.QADdemo.onlineRegistration.OnlineRegistrationForm -->
